{
  "stats": {
    "suites": 2,
    "tests": 6,
    "passes": 6,
    "pending": 0,
    "failures": 0,
    "start": "2021-08-21T09:24:13.150Z",
    "end": "2021-08-21T09:24:13.173Z",
    "duration": 23,
    "testsRegistered": 6,
    "passPercent": 100,
    "pendingPercent": 0,
    "other": 0,
    "hasOther": false,
    "skipped": 0,
    "hasSkipped": false
  },
  "results": [
    {
      "uuid": "c3a92401-f8fd-4191-9433-95900d98e83b",
      "title": "",
      "fullFile": "",
      "file": "",
      "beforeHooks": [],
      "afterHooks": [],
      "tests": [],
      "suites": [
        {
          "uuid": "108fac85-6c6b-4e7c-8a81-51aeea601d3c",
          "title": "add scenarios",
          "fullFile": "C:\\Users\\Palina_Kazlova\\Desktop\\mocha\\unitTests\\test\\specs\\add.spec.js",
          "file": "\\test\\specs\\add.spec.js",
          "beforeHooks": [
            {
              "title": "\"before each\" hook in \"add scenarios\"",
              "fullTitle": "add scenarios \"before each\" hook in \"add scenarios\"",
              "timedOut": false,
              "duration": 0,
              "state": null,
              "speed": null,
              "pass": false,
              "fail": false,
              "pending": false,
              "context": null,
              "code": "calculator = new Calculator();",
              "err": {},
              "uuid": "66def046-5e46-42bd-9bae-cb240a4b9548",
              "parentUUID": "108fac85-6c6b-4e7c-8a81-51aeea601d3c",
              "isHook": true,
              "skipped": false
            }
          ],
          "afterHooks": [
            {
              "title": "\"after each\" hook in \"add scenarios\"",
              "fullTitle": "add scenarios \"after each\" hook in \"add scenarios\"",
              "timedOut": false,
              "duration": 0,
              "state": null,
              "speed": null,
              "pass": false,
              "fail": false,
              "pending": false,
              "context": null,
              "code": "calculator = undefined;",
              "err": {},
              "uuid": "69c010bc-fe00-4946-a301-dfa4db2e9cb2",
              "parentUUID": "108fac85-6c6b-4e7c-8a81-51aeea601d3c",
              "isHook": true,
              "skipped": false
            }
          ],
          "tests": [
            {
              "title": "should return 21 as sum of 1-6",
              "fullTitle": "add scenarios should return 21 as sum of 1-6",
              "timedOut": false,
              "duration": 1,
              "state": "passed",
              "speed": "fast",
              "pass": true,
              "fail": false,
              "pending": false,
              "context": null,
              "code": "expect(calculator.add(1, 2, 3, 4, 5, 6)).to.be.equal(21);",
              "err": {},
              "uuid": "825284da-52cd-465f-8dcd-6836053a4b25",
              "parentUUID": "108fac85-6c6b-4e7c-8a81-51aeea601d3c",
              "isHook": false,
              "skipped": false
            },
            {
              "title": "should return -21 as sum of (-6)-(-1)",
              "fullTitle": "add scenarios should return -21 as sum of (-6)-(-1)",
              "timedOut": false,
              "duration": 0,
              "state": "passed",
              "speed": "fast",
              "pass": true,
              "fail": false,
              "pending": false,
              "context": null,
              "code": "expect(calculator.add(-1, -2, -3, -4, -5, -6)).to.be.equal(-21);",
              "err": {},
              "uuid": "cc834810-bb5f-46ff-b40c-5de91f9294a7",
              "parentUUID": "108fac85-6c6b-4e7c-8a81-51aeea601d3c",
              "isHook": false,
              "skipped": false
            },
            {
              "title": "should return error if any of parameters is not a number",
              "fullTitle": "add scenarios should return error if any of parameters is not a number",
              "timedOut": false,
              "duration": 2,
              "state": "passed",
              "speed": "fast",
              "pass": true,
              "fail": false,
              "pending": false,
              "context": null,
              "code": "expect(function() {\n  calculator.add('pug', 2, 3, 4, 5, 6);\n}).to.throw('Is not array of numbers');",
              "err": {},
              "uuid": "2684dbfe-8ac5-4008-8cfc-cb28f5d733fb",
              "parentUUID": "108fac85-6c6b-4e7c-8a81-51aeea601d3c",
              "isHook": false,
              "skipped": false
            }
          ],
          "suites": [],
          "passes": [
            "825284da-52cd-465f-8dcd-6836053a4b25",
            "cc834810-bb5f-46ff-b40c-5de91f9294a7",
            "2684dbfe-8ac5-4008-8cfc-cb28f5d733fb"
          ],
          "failures": [],
          "pending": [],
          "skipped": [],
          "duration": 3,
          "root": false,
          "rootEmpty": false,
          "_timeout": 2000
        },
        {
          "uuid": "d2188245-d390-4313-99cf-2fa31b36aea4",
          "title": "multiply scenarios",
          "fullFile": "C:\\Users\\Palina_Kazlova\\Desktop\\mocha\\unitTests\\test\\specs\\multiply.spec.js",
          "file": "\\test\\specs\\multiply.spec.js",
          "beforeHooks": [
            {
              "title": "\"before each\" hook in \"multiply scenarios\"",
              "fullTitle": "multiply scenarios \"before each\" hook in \"multiply scenarios\"",
              "timedOut": false,
              "duration": 0,
              "state": null,
              "speed": null,
              "pass": false,
              "fail": false,
              "pending": false,
              "context": null,
              "code": "calculator = new Calculator();",
              "err": {},
              "uuid": "f16a1386-42b8-4dc9-9b26-262d36c9e7e2",
              "parentUUID": "d2188245-d390-4313-99cf-2fa31b36aea4",
              "isHook": true,
              "skipped": false
            }
          ],
          "afterHooks": [
            {
              "title": "\"after each\" hook in \"multiply scenarios\"",
              "fullTitle": "multiply scenarios \"after each\" hook in \"multiply scenarios\"",
              "timedOut": false,
              "duration": 0,
              "state": null,
              "speed": null,
              "pass": false,
              "fail": false,
              "pending": false,
              "context": null,
              "code": "calculator = undefined;",
              "err": {},
              "uuid": "e604b380-5b55-4c0f-82e0-b092fd6b6034",
              "parentUUID": "d2188245-d390-4313-99cf-2fa31b36aea4",
              "isHook": true,
              "skipped": false
            }
          ],
          "tests": [
            {
              "title": "should return 720 as the result of multiplication of 1-6",
              "fullTitle": "multiply scenarios should return 720 as the result of multiplication of 1-6",
              "timedOut": false,
              "duration": 0,
              "state": "passed",
              "speed": "fast",
              "pass": true,
              "fail": false,
              "pending": false,
              "context": null,
              "code": "expect(calculator.multiply(1, 2, 3, 4, 5, 6)).to.be.equal(720);",
              "err": {},
              "uuid": "b96ec6d7-8cf0-4eb2-88c9-922ff1d31e5a",
              "parentUUID": "d2188245-d390-4313-99cf-2fa31b36aea4",
              "isHook": false,
              "skipped": false
            },
            {
              "title": "should return 720 as result of multiplication of (-6)-(-1)",
              "fullTitle": "multiply scenarios should return 720 as result of multiplication of (-6)-(-1)",
              "timedOut": false,
              "duration": 0,
              "state": "passed",
              "speed": "fast",
              "pass": true,
              "fail": false,
              "pending": false,
              "context": null,
              "code": "expect(calculator.multiply(-1, -2, -3, -4, -5, -6)).to.be.equal(720);",
              "err": {},
              "uuid": "8d1f49e0-b755-451a-888b-b6133e2d4e7a",
              "parentUUID": "d2188245-d390-4313-99cf-2fa31b36aea4",
              "isHook": false,
              "skipped": false
            },
            {
              "title": "should return error if any of parameters is not a number",
              "fullTitle": "multiply scenarios should return error if any of parameters is not a number",
              "timedOut": false,
              "duration": 1,
              "state": "passed",
              "speed": "fast",
              "pass": true,
              "fail": false,
              "pending": false,
              "context": null,
              "code": "expect(function() {\n  calculator.multiply('pug', 2, 3, 4, 5, 6);\n}).to.throw('Is not array of numbers');",
              "err": {},
              "uuid": "6c352e0f-15d6-4394-8b76-db262d5624a6",
              "parentUUID": "d2188245-d390-4313-99cf-2fa31b36aea4",
              "isHook": false,
              "skipped": false
            }
          ],
          "suites": [],
          "passes": [
            "b96ec6d7-8cf0-4eb2-88c9-922ff1d31e5a",
            "8d1f49e0-b755-451a-888b-b6133e2d4e7a",
            "6c352e0f-15d6-4394-8b76-db262d5624a6"
          ],
          "failures": [],
          "pending": [],
          "skipped": [],
          "duration": 1,
          "root": false,
          "rootEmpty": false,
          "_timeout": 2000
        }
      ],
      "passes": [],
      "failures": [],
      "pending": [],
      "skipped": [],
      "duration": 0,
      "root": true,
      "rootEmpty": true,
      "_timeout": 2000
    }
  ],
  "meta": {
    "mocha": {
      "version": "9.0.3"
    },
    "mochawesome": {
      "options": {
        "quiet": false,
        "reportFilename": "mochawesome",
        "saveHtml": true,
        "saveJson": true,
        "consoleReporter": "spec",
        "useInlineDiffs": false,
        "code": true
      },
      "version": "6.2.2"
    },
    "marge": {
      "options": null,
      "version": "5.2.0"
    }
  }
}